<?xml version="1.0" encoding="UTF-8"?>
<!-- Generated by org.testng.reporters.JUnitXMLReporter -->
<testsuite ignored="2" hostname="DESKTOP-F8IID4M" failures="0" tests="1" name="Default test" time="26.498" errors="0" timestamp="2023-08-20T00:55:34 BDT">
  <testcase classname="testing_maven.NewTest" name="launchbrowser" time="20.524"/>
  <testcase classname="testing_maven.NewTest" name="launchbrowserWithWrongUserName" time="0.0">
    <ignored/>
  </testcase> <!-- launchbrowserWithWrongUserName -->
  <testcase classname="testing_maven.NewTest" name="demostore" time="0.0">
    <ignored/>
  </testcase> <!-- demostore -->
</testsuite> <!-- Default test -->
