<?xml version="1.0" encoding="UTF-8"?>
<!-- Generated by org.testng.reporters.JUnitXMLReporter -->
<testsuite ignored="3" hostname="DESKTOP-F8IID4M" failures="0" tests="0" time="0.011" errors="0" timestamp="2023-08-20T20:21:54 BDT">
  <testcase classname="testing_maven.NewTest" name="launchbrowser" time="0.0">
    <ignored/>
  </testcase> <!-- launchbrowser -->
  <testcase classname="testing_maven.NewTest" name="launchbrowserWithWrongUserName" time="0.0">
    <ignored/>
  </testcase> <!-- launchbrowserWithWrongUserName -->
  <testcase classname="testing_maven.NewTest" name="demostore" time="0.0">
    <ignored/>
  </testcase> <!-- demostore -->
</testsuite>
