<?xml version="1.0" encoding="UTF-8"?>
<!-- Generated by org.testng.reporters.JUnitXMLReporter -->
<testsuite ignored="2" hostname="DESKTOP-F8IID4M" failures="1" tests="1" name="launchbrowser" time="0.053" errors="0" timestamp="2023-08-20T01:01:13 BDT">
  <testcase classname="testing_maven.NewTest" name="launchbrowser" time="0.008">
    <failure type="java.lang.NullPointerException" message="Cannot invoke &amp;quot;org.openqa.selenium.WebDriver.get(String)&amp;quot; because &amp;quot;this.driver&amp;quot; is null">
      <![CDATA[java.lang.NullPointerException: Cannot invoke "org.openqa.selenium.WebDriver.get(String)" because "this.driver" is null
at testing_maven.NewTest.launchbrowser(NewTest.java:46)
at java.base/java.util.ArrayList.forEach(ArrayList.java:1511)
... Removed 27 stack frames]]>
    </failure>
  </testcase> <!-- launchbrowser -->
  <testcase classname="testing_maven.NewTest" name="launchbrowserWithWrongUserName" time="0.0">
    <ignored/>
  </testcase> <!-- launchbrowserWithWrongUserName -->
  <testcase classname="testing_maven.NewTest" name="demostore" time="0.0">
    <ignored/>
  </testcase> <!-- demostore -->
</testsuite> <!-- launchbrowser -->
