<?xml version="1.0" encoding="UTF-8"?>
<!-- Generated by org.testng.reporters.JUnitXMLReporter -->
<testsuite ignored="0" hostname="DESKTOP-F8IID4M" failures="0" tests="4" name="Test" time="81.242" errors="0" timestamp="2023-08-21T00:57:28 BDT">
  <testcase classname="testing_maven.NewTest" name="launchbrowserWithWrongUserName" time="13.39"/>
  <testcase classname="testing_maven.NewTest" name="launchbrowser" time="14.404"/>
  <testcase classname="testing_maven.NewTest" name="recruitment" time="19.567"/>
  <testcase classname="testing_maven.NewTest" name="demostore" time="28.025"/>
</testsuite> <!-- Test -->
