<?xml version="1.0" encoding="UTF-8"?>
<!-- Generated by org.testng.reporters.JUnitXMLReporter -->
<testsuite ignored="0" hostname="DESKTOP-F8IID4M" failures="0" tests="3" name="Test" time="55.061" errors="0" timestamp="2023-08-20T01:15:44 BDT">
  <testcase classname="testing_maven.NewTest" name="launchbrowser" time="20.353"/>
  <testcase classname="testing_maven.NewTest" name="demostore" time="19.368"/>
  <testcase classname="testing_maven.NewTest" name="launchbrowserWithWrongUserName" time="8.557"/>
</testsuite> <!-- Test -->
