<?xml version="1.0" encoding="UTF-8"?>
<testng-results ignored="3" total="4" passed="1" failed="0" skipped="0">
  <reporter-output>
  </reporter-output>
  <suite started-at="2023-08-21T01:01:04 BDT" name="Default suite" finished-at="2023-08-21T01:01:46 BDT" duration-ms="42630">
    <groups>
      <group name="regression">
        <method signature="NewTest.demostore()[pri:4, instance:testing_maven.NewTest@7cc0cdad]" name="demostore" class="testing_maven.NewTest"/>
      </group> <!-- regression -->
    </groups>
    <test started-at="2023-08-21T01:01:04 BDT" name="Default test" finished-at="2023-08-21T01:01:46 BDT" duration-ms="42630">
      <class name="testing_maven.NewTest">
        <test-method is-config="true" signature="Setup()[pri:0, instance:testing_maven.NewTest@7cc0cdad]" started-at="2023-08-21T01:01:04 BDT" name="Setup" finished-at="2023-08-21T01:01:10 BDT" duration-ms="5784" status="PASS">
          <reporter-output>
          </reporter-output>
        </test-method> <!-- Setup -->
        <test-method signature="demostore()[pri:4, instance:testing_maven.NewTest@7cc0cdad]" started-at="2023-08-21T01:01:10 BDT" name="demostore" finished-at="2023-08-21T01:01:43 BDT" duration-ms="33813" status="PASS">
          <reporter-output>
          </reporter-output>
        </test-method> <!-- demostore -->
        <test-method is-config="true" signature="CloseBrowser()[pri:0, instance:testing_maven.NewTest@7cc0cdad]" started-at="2023-08-21T01:01:43 BDT" name="CloseBrowser" finished-at="2023-08-21T01:01:46 BDT" duration-ms="2987" status="PASS">
          <reporter-output>
          </reporter-output>
        </test-method> <!-- CloseBrowser -->
      </class> <!-- testing_maven.NewTest -->
    </test> <!-- Default test -->
  </suite> <!-- Default suite -->
</testng-results>
