<?xml version="1.0" encoding="UTF-8"?>
<testng-results ignored="0" total="3" passed="3" failed="0" skipped="0">
  <reporter-output>
  </reporter-output>
  <suite started-at="2023-08-20T01:14:48 BDT" name="Suite" finished-at="2023-08-20T01:15:44 BDT" duration-ms="55061">
    <groups>
      <group name="smoke">
        <method signature="NewTest.demostore()[pri:2, instance:testing_maven.NewTest@7b2bbc3]" name="demostore" class="testing_maven.NewTest"/>
        <method signature="NewTest.launchbrowser()[pri:1, instance:testing_maven.NewTest@7b2bbc3]" name="launchbrowser" class="testing_maven.NewTest"/>
        <method signature="NewTest.launchbrowserWithWrongUserName()[pri:3, instance:testing_maven.NewTest@7b2bbc3]" name="launchbrowserWithWrongUserName" class="testing_maven.NewTest"/>
      </group> <!-- smoke -->
    </groups>
    <test started-at="2023-08-20T01:14:48 BDT" name="Test" finished-at="2023-08-20T01:15:44 BDT" duration-ms="55061">
      <class name="testing_maven.NewTest">
        <test-method is-config="true" signature="Setup()[pri:0, instance:testing_maven.NewTest@7b2bbc3]" started-at="2023-08-20T01:14:48 BDT" name="Setup" finished-at="2023-08-20T01:14:52 BDT" duration-ms="3736" status="PASS">
          <reporter-output>
          </reporter-output>
        </test-method> <!-- Setup -->
        <test-method signature="launchbrowser()[pri:1, instance:testing_maven.NewTest@7b2bbc3]" started-at="2023-08-20T01:14:52 BDT" name="launchbrowser" finished-at="2023-08-20T01:15:13 BDT" duration-ms="20353" status="PASS">
          <reporter-output>
          </reporter-output>
        </test-method> <!-- launchbrowser -->
        <test-method signature="demostore()[pri:2, instance:testing_maven.NewTest@7b2bbc3]" started-at="2023-08-20T01:15:13 BDT" name="demostore" finished-at="2023-08-20T01:15:32 BDT" duration-ms="19368" status="PASS">
          <reporter-output>
          </reporter-output>
        </test-method> <!-- demostore -->
        <test-method signature="launchbrowserWithWrongUserName()[pri:3, instance:testing_maven.NewTest@7b2bbc3]" started-at="2023-08-20T01:15:32 BDT" name="launchbrowserWithWrongUserName" finished-at="2023-08-20T01:15:41 BDT" duration-ms="8557" status="PASS">
          <reporter-output>
          </reporter-output>
        </test-method> <!-- launchbrowserWithWrongUserName -->
        <test-method is-config="true" signature="CloseBrowser()[pri:0, instance:testing_maven.NewTest@7b2bbc3]" started-at="2023-08-20T01:15:41 BDT" name="CloseBrowser" finished-at="2023-08-20T01:15:44 BDT" duration-ms="3007" status="PASS">
          <reporter-output>
          </reporter-output>
        </test-method> <!-- CloseBrowser -->
      </class> <!-- testing_maven.NewTest -->
    </test> <!-- Test -->
  </suite> <!-- Suite -->
</testng-results>
